<?xml version="1.0" encoding="UTF-8"?>
<!-- Generated by org.testng.reporters.JUnitReportReporter -->
<testsuite hostname="LAPTOP-M0AGGPF6" failures="0" tests="4" name="Trello.LoginTest" time="20.439" errors="0" timestamp="2022-09-30T00:15:29 IDT" skipped="0">
  <testcase classname="Trello.LoginTest" name="CreateCard" time="18.559"/>
  <system-out/>
  <testcase classname="Trello.LoginTest" name="CompareFiles" time="0.004"/>
  <system-out/>
  <testcase classname="Trello.LoginTest" name="DownloadFile" time="1.443"/>
  <system-out/>
  <testcase classname="Trello.LoginTest" name="UploadFile" time="0.433"/>
  <system-out/>
</testsuite> <!-- Trello.LoginTest -->
