<?xml version="1.0" encoding="UTF-8"?>
<!-- Generated by org.testng.reporters.JUnitReportReporter -->
<testsuite hostname="LAPTOP-M0AGGPF6" failures="0" tests="3" name="WorkWithElements.TestAlerts" time="13.540" errors="0" timestamp="2022-10-01T13:24:52 IDT" skipped="0">
  <testcase classname="WorkWithElements.TestAlerts" name="TestDissmissAlert" time="6.001"/>
  <system-out/>
  <testcase classname="WorkWithElements.TestAlerts" name="TestSendTextToAlert" time="2.035"/>
  <system-out/>
  <testcase classname="WorkWithElements.TestAlerts" name="TestAcceptAlert" time="5.504"/>
  <system-out/>
</testsuite> <!-- WorkWithElements.TestAlerts -->
