<?xml version="1.0" encoding="UTF-8"?>
<!-- Generated by org.testng.reporters.JUnitReportReporter -->
<testsuite hostname="LAPTOP-M0AGGPF6" failures="0" tests="1" name="WorkWithElements.TestWorkWithTable" time="15.297" errors="0" timestamp="2022-10-01T13:24:52 IDT" skipped="0">
  <testcase classname="WorkWithElements.TestWorkWithTable" name="workWithTable" time="15.297"/>
  <system-out/>
</testsuite> <!-- WorkWithElements.TestWorkWithTable -->
