<?xml version="1.0" encoding="UTF-8"?>
<!-- Generated by org.testng.reporters.JUnitReportReporter -->
<testsuite hostname="LAPTOP-M0AGGPF6" failures="0" tests="4" name="Trello.FileTest" time="17.018" errors="0" timestamp="2022-10-01T15:29:17 IDT" skipped="0">
  <testcase classname="Trello.FileTest" name="CompareFiles" time="2.010"/>
  <system-out/>
  <testcase classname="Trello.FileTest" name="CreateCard" time="12.697"/>
  <system-out/>
  <testcase classname="Trello.FileTest" name="UploadFile" time="0.550"/>
  <system-out/>
  <testcase classname="Trello.FileTest" name="DownloadFile" time="1.761"/>
  <system-out/>
</testsuite> <!-- Trello.FileTest -->
